{"E:\\react\\CardGame\\src\\Component\\Card\\Card.js": {"path":"E:\\react\\CardGame\\src\\Component\\Card\\Card.js","statementMap":{"0":{"start":{"line":9,"column":12},"end":{"line":12,"column":5}},"1":{"start":{"line":15,"column":8},"end":{"line":15,"column":21}},"2":{"start":{"line":16,"column":8},"end":{"line":16,"column":38}},"3":{"start":{"line":17,"column":8},"end":{"line":17,"column":51}},"4":{"start":{"line":18,"column":8},"end":{"line":18,"column":23}},"5":{"start":{"line":19,"column":8},"end":{"line":19,"column":78}},"6":{"start":{"line":19,"column":56},"end":{"line":19,"column":74}},"7":{"start":{"line":23,"column":8},"end":{"line":23,"column":31}},"8":{"start":{"line":27,"column":8},"end":{"line":27,"column":36}},"9":{"start":{"line":31,"column":23},"end":{"line":33,"column":5}},"10":{"start":{"line":32,"column":8},"end":{"line":32,"column":72}},"11":{"start":{"line":32,"column":36},"end":{"line":32,"column":69}},"12":{"start":{"line":35,"column":21},"end":{"line":43,"column":5}},"13":{"start":{"line":36,"column":8},"end":{"line":39,"column":11}},"14":{"start":{"line":41,"column":35},"end":{"line":41,"column":87}},"15":{"start":{"line":42,"column":8},"end":{"line":42,"column":34}},"16":{"start":{"line":45,"column":20},"end":{"line":53,"column":5}},"17":{"start":{"line":46,"column":8},"end":{"line":49,"column":11}},"18":{"start":{"line":51,"column":34},"end":{"line":51,"column":84}},"19":{"start":{"line":52,"column":8},"end":{"line":52,"column":33}},"20":{"start":{"line":56,"column":15},"end":{"line":78,"column":5}},"21":{"start":{"line":57,"column":8},"end":{"line":77,"column":9}},"22":{"start":{"line":58,"column":12},"end":{"line":58,"column":36}},"23":{"start":{"line":59,"column":12},"end":{"line":64,"column":23}},"24":{"start":{"line":65,"column":15},"end":{"line":77,"column":9}},"25":{"start":{"line":67,"column":12},"end":{"line":67,"column":38}},"26":{"start":{"line":69,"column":12},"end":{"line":69,"column":58}},"27":{"start":{"line":70,"column":12},"end":{"line":70,"column":36}},"28":{"start":{"line":71,"column":12},"end":{"line":76,"column":23}},"29":{"start":{"line":85,"column":12},"end":{"line":85,"column":22}},"30":{"start":{"line":87,"column":8},"end":{"line":96,"column":9}},"31":{"start":{"line":88,"column":45},"end":{"line":88,"column":60}},"32":{"start":{"line":100,"column":15},"end":{"line":138,"column":2}}},"fnMap":{"0":{"name":"(anonymous_0)","decl":{"start":{"line":14,"column":4},"end":{"line":14,"column":5}},"loc":{"start":{"line":14,"column":23},"end":{"line":20,"column":5}},"line":14},"1":{"name":"(anonymous_1)","decl":{"start":{"line":19,"column":39},"end":{"line":19,"column":40}},"loc":{"start":{"line":19,"column":54},"end":{"line":19,"column":76}},"line":19},"2":{"name":"(anonymous_2)","decl":{"start":{"line":22,"column":4},"end":{"line":22,"column":5}},"loc":{"start":{"line":22,"column":24},"end":{"line":24,"column":5}},"line":22},"3":{"name":"(anonymous_3)","decl":{"start":{"line":26,"column":4},"end":{"line":26,"column":5}},"loc":{"start":{"line":26,"column":27},"end":{"line":28,"column":5}},"line":26},"4":{"name":"(anonymous_4)","decl":{"start":{"line":31,"column":23},"end":{"line":31,"column":24}},"loc":{"start":{"line":31,"column":29},"end":{"line":33,"column":5}},"line":31},"5":{"name":"(anonymous_5)","decl":{"start":{"line":32,"column":22},"end":{"line":32,"column":23}},"loc":{"start":{"line":32,"column":36},"end":{"line":32,"column":69}},"line":32},"6":{"name":"(anonymous_6)","decl":{"start":{"line":35,"column":21},"end":{"line":35,"column":22}},"loc":{"start":{"line":35,"column":27},"end":{"line":43,"column":5}},"line":35},"7":{"name":"(anonymous_7)","decl":{"start":{"line":45,"column":20},"end":{"line":45,"column":21}},"loc":{"start":{"line":45,"column":26},"end":{"line":53,"column":5}},"line":45},"8":{"name":"(anonymous_8)","decl":{"start":{"line":56,"column":15},"end":{"line":56,"column":16}},"loc":{"start":{"line":56,"column":21},"end":{"line":78,"column":5}},"line":56},"9":{"name":"(anonymous_9)","decl":{"start":{"line":81,"column":4},"end":{"line":81,"column":5}},"loc":{"start":{"line":81,"column":13},"end":{"line":97,"column":5}},"line":81},"10":{"name":"(anonymous_10)","decl":{"start":{"line":88,"column":39},"end":{"line":88,"column":40}},"loc":{"start":{"line":88,"column":45},"end":{"line":88,"column":60}},"line":88}},"branchMap":{"0":{"loc":{"start":{"line":57,"column":8},"end":{"line":77,"column":9}},"type":"if","locations":[{"start":{"line":57,"column":8},"end":{"line":77,"column":9}},{"start":{"line":57,"column":8},"end":{"line":77,"column":9}}],"line":57},"1":{"loc":{"start":{"line":65,"column":15},"end":{"line":77,"column":9}},"type":"if","locations":[{"start":{"line":65,"column":15},"end":{"line":77,"column":9}},{"start":{"line":65,"column":15},"end":{"line":77,"column":9}}],"line":65}},"s":{"0":12,"1":12,"2":12,"3":12,"4":12,"5":12,"6":0,"7":12,"8":0,"9":12,"10":0,"11":0,"12":12,"13":96,"14":96,"15":96,"16":12,"17":96,"18":96,"19":96,"20":12,"21":0,"22":0,"23":0,"24":0,"25":0,"26":0,"27":0,"28":0,"29":96,"30":96,"31":0,"32":1},"f":{"0":12,"1":0,"2":12,"3":0,"4":0,"5":0,"6":96,"7":96,"8":0,"9":96,"10":0},"b":{"0":[0,0],"1":[0,0]},"_coverageSchema":"1a1c01bbd47fc00a2c39e90264f33305004495a9","hash":"c3abe1241a892c806e2ddd0a8bbbe3aeeaa5c270"}
,"E:\\react\\CardGame\\src\\Component\\PopUp\\PopUp.js": {"path":"E:\\react\\CardGame\\src\\Component\\PopUp\\PopUp.js","statementMap":{"0":{"start":{"line":7,"column":14},"end":{"line":37,"column":1}},"1":{"start":{"line":12,"column":8},"end":{"line":12,"column":13}},"2":{"start":{"line":15,"column":4},"end":{"line":36,"column":5}},"3":{"start":{"line":39,"column":15},"end":{"line":68,"column":2}}},"fnMap":{"0":{"name":"(anonymous_0)","decl":{"start":{"line":7,"column":14},"end":{"line":7,"column":15}},"loc":{"start":{"line":7,"column":25},"end":{"line":37,"column":1}},"line":7}},"branchMap":{},"s":{"0":1,"1":9,"2":9,"3":1},"f":{"0":9},"b":{},"_coverageSchema":"1a1c01bbd47fc00a2c39e90264f33305004495a9","hash":"6753f7ac15531ac7dd893ab6144b591f2ec61179"}
,"E:\\react\\CardGame\\src\\Screen\\MainScreen.js": {"path":"E:\\react\\CardGame\\src\\Screen\\MainScreen.js","statementMap":{"0":{"start":{"line":12,"column":12},"end":{"line":23,"column":5}},"1":{"start":{"line":26,"column":8},"end":{"line":26,"column":21}},"2":{"start":{"line":27,"column":8},"end":{"line":27,"column":27}},"3":{"start":{"line":31,"column":30},"end":{"line":31,"column":53}},"4":{"start":{"line":32,"column":8},"end":{"line":32,"column":49}},"5":{"start":{"line":36,"column":23},"end":{"line":70,"column":5}},"6":{"start":{"line":38,"column":25},"end":{"line":38,"column":27}},"7":{"start":{"line":39,"column":8},"end":{"line":46,"column":9}},"8":{"start":{"line":39,"column":20},"end":{"line":39,"column":21}},"9":{"start":{"line":40,"column":22},"end":{"line":40,"column":57}},"10":{"start":{"line":41,"column":12},"end":{"line":45,"column":13}},"11":{"start":{"line":42,"column":16},"end":{"line":42,"column":37}},"12":{"start":{"line":44,"column":16},"end":{"line":44,"column":20}},"13":{"start":{"line":48,"column":28},"end":{"line":48,"column":30}},"14":{"start":{"line":49,"column":8},"end":{"line":59,"column":9}},"15":{"start":{"line":49,"column":20},"end":{"line":49,"column":21}},"16":{"start":{"line":50,"column":12},"end":{"line":53,"column":14}},"17":{"start":{"line":54,"column":12},"end":{"line":57,"column":14}},"18":{"start":{"line":58,"column":12},"end":{"line":58,"column":36}},"19":{"start":{"line":61,"column":8},"end":{"line":64,"column":9}},"20":{"start":{"line":61,"column":21},"end":{"line":61,"column":45}},"21":{"start":{"line":62,"column":22},"end":{"line":62,"column":57}},"22":{"start":{"line":63,"column":12},"end":{"line":63,"column":88}},"23":{"start":{"line":66,"column":8},"end":{"line":66,"column":29}},"24":{"start":{"line":73,"column":26},"end":{"line":98,"column":5}},"25":{"start":{"line":74,"column":8},"end":{"line":97,"column":9}},"26":{"start":{"line":75,"column":12},"end":{"line":78,"column":15}},"27":{"start":{"line":80,"column":12},"end":{"line":95,"column":13}},"28":{"start":{"line":81,"column":39},"end":{"line":81,"column":61}},"29":{"start":{"line":82,"column":16},"end":{"line":82,"column":45}},"30":{"start":{"line":83,"column":16},"end":{"line":83,"column":65}},"31":{"start":{"line":84,"column":16},"end":{"line":90,"column":17}},"32":{"start":{"line":85,"column":20},"end":{"line":87,"column":29}},"33":{"start":{"line":86,"column":24},"end":{"line":86,"column":89}},"34":{"start":{"line":89,"column":20},"end":{"line":89,"column":67}},"35":{"start":{"line":93,"column":16},"end":{"line":93,"column":69}},"36":{"start":{"line":96,"column":12},"end":{"line":96,"column":47}},"37":{"start":{"line":101,"column":18},"end":{"line":107,"column":5}},"38":{"start":{"line":102,"column":8},"end":{"line":106,"column":9}},"39":{"start":{"line":102,"column":20},"end":{"line":102,"column":21}},"40":{"start":{"line":103,"column":12},"end":{"line":105,"column":21}},"41":{"start":{"line":104,"column":16},"end":{"line":104,"column":51}},"42":{"start":{"line":110,"column":20},"end":{"line":120,"column":5}},"43":{"start":{"line":111,"column":8},"end":{"line":119,"column":11}},"44":{"start":{"line":112,"column":35},"end":{"line":112,"column":57}},"45":{"start":{"line":113,"column":12},"end":{"line":117,"column":19}},"46":{"start":{"line":114,"column":16},"end":{"line":116,"column":17}},"47":{"start":{"line":114,"column":28},"end":{"line":114,"column":29}},"48":{"start":{"line":115,"column":20},"end":{"line":115,"column":66}},"49":{"start":{"line":118,"column":12},"end":{"line":118,"column":37}},"50":{"start":{"line":123,"column":19},"end":{"line":136,"column":5}},"51":{"start":{"line":124,"column":8},"end":{"line":124,"column":35}},"52":{"start":{"line":125,"column":30},"end":{"line":125,"column":53}},"53":{"start":{"line":126,"column":8},"end":{"line":135,"column":11}},"54":{"start":{"line":139,"column":19},"end":{"line":143,"column":5}},"55":{"start":{"line":140,"column":8},"end":{"line":142,"column":10}},"56":{"start":{"line":146,"column":27},"end":{"line":159,"column":5}},"57":{"start":{"line":147,"column":8},"end":{"line":158,"column":9}},"58":{"start":{"line":149,"column":49},"end":{"line":149,"column":68}},"59":{"start":{"line":162,"column":18},"end":{"line":183,"column":5}},"60":{"start":{"line":163,"column":8},"end":{"line":181,"column":9}},"61":{"start":{"line":170,"column":24},"end":{"line":176,"column":26}},"62":{"start":{"line":175,"column":44},"end":{"line":175,"column":70}},"63":{"start":{"line":178,"column":42},"end":{"line":178,"column":57}},"64":{"start":{"line":186,"column":19},"end":{"line":194,"column":5}},"65":{"start":{"line":187,"column":8},"end":{"line":193,"column":9}},"66":{"start":{"line":191,"column":31},"end":{"line":191,"column":50}},"67":{"start":{"line":197,"column":8},"end":{"line":203,"column":9}},"68":{"start":{"line":207,"column":15},"end":{"line":235,"column":2}}},"fnMap":{"0":{"name":"(anonymous_0)","decl":{"start":{"line":25,"column":4},"end":{"line":25,"column":5}},"loc":{"start":{"line":25,"column":23},"end":{"line":28,"column":5}},"line":25},"1":{"name":"(anonymous_1)","decl":{"start":{"line":30,"column":4},"end":{"line":30,"column":5}},"loc":{"start":{"line":30,"column":24},"end":{"line":33,"column":5}},"line":30},"2":{"name":"(anonymous_2)","decl":{"start":{"line":36,"column":23},"end":{"line":36,"column":24}},"loc":{"start":{"line":36,"column":29},"end":{"line":70,"column":5}},"line":36},"3":{"name":"(anonymous_3)","decl":{"start":{"line":73,"column":26},"end":{"line":73,"column":27}},"loc":{"start":{"line":73,"column":37},"end":{"line":98,"column":5}},"line":73},"4":{"name":"(anonymous_4)","decl":{"start":{"line":85,"column":31},"end":{"line":85,"column":32}},"loc":{"start":{"line":85,"column":37},"end":{"line":87,"column":21}},"line":85},"5":{"name":"(anonymous_5)","decl":{"start":{"line":101,"column":18},"end":{"line":101,"column":19}},"loc":{"start":{"line":101,"column":29},"end":{"line":107,"column":5}},"line":101},"6":{"name":"(anonymous_6)","decl":{"start":{"line":103,"column":23},"end":{"line":103,"column":24}},"loc":{"start":{"line":103,"column":29},"end":{"line":105,"column":13}},"line":103},"7":{"name":"(anonymous_7)","decl":{"start":{"line":110,"column":20},"end":{"line":110,"column":21}},"loc":{"start":{"line":110,"column":26},"end":{"line":120,"column":5}},"line":110},"8":{"name":"(anonymous_8)","decl":{"start":{"line":111,"column":27},"end":{"line":111,"column":28}},"loc":{"start":{"line":111,"column":48},"end":{"line":119,"column":9}},"line":111},"9":{"name":"(anonymous_9)","decl":{"start":{"line":113,"column":23},"end":{"line":113,"column":24}},"loc":{"start":{"line":113,"column":29},"end":{"line":117,"column":13}},"line":113},"10":{"name":"(anonymous_10)","decl":{"start":{"line":123,"column":19},"end":{"line":123,"column":20}},"loc":{"start":{"line":123,"column":31},"end":{"line":136,"column":5}},"line":123},"11":{"name":"(anonymous_11)","decl":{"start":{"line":139,"column":19},"end":{"line":139,"column":20}},"loc":{"start":{"line":139,"column":25},"end":{"line":143,"column":5}},"line":139},"12":{"name":"(anonymous_12)","decl":{"start":{"line":146,"column":27},"end":{"line":146,"column":28}},"loc":{"start":{"line":146,"column":33},"end":{"line":159,"column":5}},"line":146},"13":{"name":"(anonymous_13)","decl":{"start":{"line":149,"column":43},"end":{"line":149,"column":44}},"loc":{"start":{"line":149,"column":49},"end":{"line":149,"column":68}},"line":149},"14":{"name":"(anonymous_14)","decl":{"start":{"line":162,"column":18},"end":{"line":162,"column":19}},"loc":{"start":{"line":162,"column":24},"end":{"line":183,"column":5}},"line":162},"15":{"name":"(anonymous_15)","decl":{"start":{"line":169,"column":32},"end":{"line":169,"column":33}},"loc":{"start":{"line":170,"column":24},"end":{"line":176,"column":26}},"line":170},"16":{"name":"(anonymous_16)","decl":{"start":{"line":175,"column":35},"end":{"line":175,"column":36}},"loc":{"start":{"line":175,"column":44},"end":{"line":175,"column":70}},"line":175},"17":{"name":"(anonymous_17)","decl":{"start":{"line":178,"column":34},"end":{"line":178,"column":35}},"loc":{"start":{"line":178,"column":42},"end":{"line":178,"column":57}},"line":178},"18":{"name":"(anonymous_18)","decl":{"start":{"line":186,"column":19},"end":{"line":186,"column":20}},"loc":{"start":{"line":186,"column":25},"end":{"line":194,"column":5}},"line":186},"19":{"name":"(anonymous_19)","decl":{"start":{"line":191,"column":25},"end":{"line":191,"column":26}},"loc":{"start":{"line":191,"column":31},"end":{"line":191,"column":50}},"line":191},"20":{"name":"(anonymous_20)","decl":{"start":{"line":196,"column":4},"end":{"line":196,"column":5}},"loc":{"start":{"line":196,"column":13},"end":{"line":204,"column":5}},"line":196}},"branchMap":{"0":{"loc":{"start":{"line":41,"column":12},"end":{"line":45,"column":13}},"type":"if","locations":[{"start":{"line":41,"column":12},"end":{"line":45,"column":13}},{"start":{"line":41,"column":12},"end":{"line":45,"column":13}}],"line":41},"1":{"loc":{"start":{"line":74,"column":8},"end":{"line":97,"column":9}},"type":"if","locations":[{"start":{"line":74,"column":8},"end":{"line":97,"column":9}},{"start":{"line":74,"column":8},"end":{"line":97,"column":9}}],"line":74},"2":{"loc":{"start":{"line":80,"column":12},"end":{"line":95,"column":13}},"type":"if","locations":[{"start":{"line":80,"column":12},"end":{"line":95,"column":13}},{"start":{"line":80,"column":12},"end":{"line":95,"column":13}}],"line":80},"3":{"loc":{"start":{"line":84,"column":16},"end":{"line":90,"column":17}},"type":"if","locations":[{"start":{"line":84,"column":16},"end":{"line":90,"column":17}},{"start":{"line":84,"column":16},"end":{"line":90,"column":17}}],"line":84}},"s":{"0":1,"1":1,"2":1,"3":1,"4":1,"5":1,"6":2,"7":2,"8":2,"9":12,"10":12,"11":12,"12":0,"13":2,"14":2,"15":2,"16":12,"17":12,"18":12,"19":2,"20":2,"21":22,"22":22,"23":2,"24":1,"25":4,"26":1,"27":3,"28":2,"29":2,"30":2,"31":2,"32":1,"33":1,"34":1,"35":1,"36":3,"37":1,"38":1,"39":1,"40":2,"41":0,"42":1,"43":0,"44":0,"45":0,"46":0,"47":0,"48":0,"49":0,"50":1,"51":0,"52":0,"53":0,"54":1,"55":1,"56":1,"57":9,"58":0,"59":1,"60":9,"61":96,"62":12,"63":168,"64":1,"65":9,"66":0,"67":9,"68":1},"f":{"0":1,"1":1,"2":2,"3":4,"4":1,"5":1,"6":0,"7":0,"8":0,"9":0,"10":0,"11":1,"12":9,"13":0,"14":9,"15":96,"16":12,"17":168,"18":9,"19":0,"20":9},"b":{"0":[12,0],"1":[1,3],"2":[2,1],"3":[1,1]},"_coverageSchema":"1a1c01bbd47fc00a2c39e90264f33305004495a9","hash":"8f2592ba0876065ee4aaf5178bb7a7508476b9c5"}
,"E:\\react\\CardGame\\src\\UI\\Color.js": {"path":"E:\\react\\CardGame\\src\\UI\\Color.js","statementMap":{"0":{"start":{"line":1,"column":25},"end":{"line":1,"column":34}},"1":{"start":{"line":3,"column":29},"end":{"line":3,"column":38}},"2":{"start":{"line":4,"column":34},"end":{"line":4,"column":43}},"3":{"start":{"line":5,"column":30},"end":{"line":5,"column":39}}},"fnMap":{},"branchMap":{},"s":{"0":1,"1":1,"2":1,"3":1},"f":{},"b":{},"_coverageSchema":"1a1c01bbd47fc00a2c39e90264f33305004495a9","hash":"b23cec189ae8ff934e1b7ad220006ed068cb6e87"}
,"E:\\react\\CardGame\\src\\UI\\Dimensions.js": {"path":"E:\\react\\CardGame\\src\\UI\\Dimensions.js","statementMap":{"0":{"start":{"line":3,"column":19},"end":{"line":7,"column":1}},"1":{"start":{"line":4,"column":22},"end":{"line":4,"column":46}},"2":{"start":{"line":5,"column":22},"end":{"line":5,"column":25}},"3":{"start":{"line":6,"column":4},"end":{"line":6,"column":38}},"4":{"start":{"line":9,"column":20},"end":{"line":13,"column":1}},"5":{"start":{"line":10,"column":23},"end":{"line":10,"column":47}},"6":{"start":{"line":11,"column":22},"end":{"line":11,"column":25}},"7":{"start":{"line":12,"column":4},"end":{"line":12,"column":39}},"8":{"start":{"line":15,"column":18},"end":{"line":25,"column":1}},"9":{"start":{"line":16,"column":30},"end":{"line":16,"column":54}},"10":{"start":{"line":17,"column":28},"end":{"line":17,"column":31}},"11":{"start":{"line":18,"column":29},"end":{"line":18,"column":32}},"12":{"start":{"line":19,"column":23},"end":{"line":19,"column":46}},"13":{"start":{"line":20,"column":24},"end":{"line":20,"column":49}},"14":{"start":{"line":21,"column":18},"end":{"line":21,"column":51}},"15":{"start":{"line":23,"column":4},"end":{"line":23,"column":41}},"16":{"start":{"line":27,"column":17},"end":{"line":27,"column":47}},"17":{"start":{"line":28,"column":18},"end":{"line":28,"column":49}}},"fnMap":{"0":{"name":"(anonymous_0)","decl":{"start":{"line":3,"column":19},"end":{"line":3,"column":20}},"loc":{"start":{"line":3,"column":29},"end":{"line":7,"column":1}},"line":3},"1":{"name":"(anonymous_1)","decl":{"start":{"line":9,"column":20},"end":{"line":9,"column":21}},"loc":{"start":{"line":9,"column":30},"end":{"line":13,"column":1}},"line":9},"2":{"name":"(anonymous_2)","decl":{"start":{"line":15,"column":18},"end":{"line":15,"column":19}},"loc":{"start":{"line":15,"column":28},"end":{"line":25,"column":1}},"line":15}},"branchMap":{},"s":{"0":1,"1":4,"2":4,"3":4,"4":1,"5":11,"6":11,"7":11,"8":1,"9":13,"10":13,"11":13,"12":13,"13":13,"14":13,"15":13,"16":1,"17":1},"f":{"0":4,"1":11,"2":13},"b":{},"_coverageSchema":"1a1c01bbd47fc00a2c39e90264f33305004495a9","hash":"0d944a40af5eb62295e49660fd65f60615c5b1c8"}
}
