TN:
SF:src\Component\Card\Card.js
FN:14,(anonymous_0)
FN:19,(anonymous_1)
FN:22,(anonymous_2)
FN:26,(anonymous_3)
FN:31,(anonymous_4)
FN:32,(anonymous_5)
FN:35,(anonymous_6)
FN:45,(anonymous_7)
FN:56,(anonymous_8)
FN:81,(anonymous_9)
FN:88,(anonymous_10)
FNF:11
FNH:5
FNDA:12,(anonymous_0)
FNDA:0,(anonymous_1)
FNDA:12,(anonymous_2)
FNDA:0,(anonymous_3)
FNDA:0,(anonymous_4)
FNDA:0,(anonymous_5)
FNDA:96,(anonymous_6)
FNDA:96,(anonymous_7)
FNDA:0,(anonymous_8)
FNDA:96,(anonymous_9)
FNDA:0,(anonymous_10)
DA:9,12
DA:15,12
DA:16,12
DA:17,12
DA:18,12
DA:19,12
DA:23,12
DA:27,0
DA:31,12
DA:32,0
DA:35,12
DA:36,96
DA:41,96
DA:42,96
DA:45,12
DA:46,96
DA:51,96
DA:52,96
DA:56,12
DA:57,0
DA:58,0
DA:59,0
DA:65,0
DA:67,0
DA:69,0
DA:70,0
DA:71,0
DA:85,96
DA:87,96
DA:88,0
DA:100,1
LF:31
LH:20
BRDA:57,0,0,0
BRDA:57,0,1,0
BRDA:65,1,0,0
BRDA:65,1,1,0
BRF:4
BRH:0
end_of_record
TN:
SF:src\Component\PopUp\PopUp.js
FN:7,(anonymous_0)
FNF:1
FNH:1
FNDA:9,(anonymous_0)
DA:7,1
DA:12,9
DA:15,9
DA:39,1
LF:4
LH:4
BRF:0
BRH:0
end_of_record
TN:
SF:src\Screen\MainScreen.js
FN:25,(anonymous_0)
FN:30,(anonymous_1)
FN:36,(anonymous_2)
FN:73,(anonymous_3)
FN:85,(anonymous_4)
FN:101,(anonymous_5)
FN:103,(anonymous_6)
FN:110,(anonymous_7)
FN:111,(anonymous_8)
FN:113,(anonymous_9)
FN:123,(anonymous_10)
FN:139,(anonymous_11)
FN:146,(anonymous_12)
FN:149,(anonymous_13)
FN:162,(anonymous_14)
FN:169,(anonymous_15)
FN:175,(anonymous_16)
FN:178,(anonymous_17)
FN:186,(anonymous_18)
FN:191,(anonymous_19)
FN:196,(anonymous_20)
FNF:21
FNH:14
FNDA:1,(anonymous_0)
FNDA:1,(anonymous_1)
FNDA:2,(anonymous_2)
FNDA:4,(anonymous_3)
FNDA:1,(anonymous_4)
FNDA:1,(anonymous_5)
FNDA:0,(anonymous_6)
FNDA:0,(anonymous_7)
FNDA:0,(anonymous_8)
FNDA:0,(anonymous_9)
FNDA:0,(anonymous_10)
FNDA:1,(anonymous_11)
FNDA:9,(anonymous_12)
FNDA:0,(anonymous_13)
FNDA:9,(anonymous_14)
FNDA:96,(anonymous_15)
FNDA:12,(anonymous_16)
FNDA:168,(anonymous_17)
FNDA:9,(anonymous_18)
FNDA:0,(anonymous_19)
FNDA:9,(anonymous_20)
DA:12,1
DA:26,1
DA:27,1
DA:31,1
DA:32,1
DA:36,1
DA:38,2
DA:39,2
DA:40,12
DA:41,12
DA:42,12
DA:44,0
DA:48,2
DA:49,2
DA:50,12
DA:54,12
DA:58,12
DA:61,2
DA:62,22
DA:63,22
DA:66,2
DA:73,1
DA:74,4
DA:75,1
DA:80,3
DA:81,2
DA:82,2
DA:83,2
DA:84,2
DA:85,1
DA:86,1
DA:89,1
DA:93,1
DA:96,3
DA:101,1
DA:102,1
DA:103,2
DA:104,0
DA:110,1
DA:111,0
DA:112,0
DA:113,0
DA:114,0
DA:115,0
DA:118,0
DA:123,1
DA:124,0
DA:125,0
DA:126,0
DA:139,1
DA:140,1
DA:146,1
DA:147,9
DA:149,0
DA:162,1
DA:163,9
DA:170,96
DA:175,12
DA:178,168
DA:186,1
DA:187,9
DA:191,0
DA:197,9
DA:207,1
LF:64
LH:51
BRDA:41,0,0,12
BRDA:41,0,1,0
BRDA:74,1,0,1
BRDA:74,1,1,3
BRDA:80,2,0,2
BRDA:80,2,1,1
BRDA:84,3,0,1
BRDA:84,3,1,1
BRF:8
BRH:7
end_of_record
TN:
SF:src\UI\Color.js
FNF:0
FNH:0
DA:1,1
DA:3,1
DA:4,1
DA:5,1
LF:4
LH:4
BRF:0
BRH:0
end_of_record
TN:
SF:src\UI\Dimensions.js
FN:3,(anonymous_0)
FN:9,(anonymous_1)
FN:15,(anonymous_2)
FNF:3
FNH:3
FNDA:4,(anonymous_0)
FNDA:11,(anonymous_1)
FNDA:13,(anonymous_2)
DA:3,1
DA:4,4
DA:5,4
DA:6,4
DA:9,1
DA:10,11
DA:11,11
DA:12,11
DA:15,1
DA:16,13
DA:17,13
DA:18,13
DA:19,13
DA:20,13
DA:21,13
DA:23,13
DA:27,1
DA:28,1
LF:18
LH:18
BRF:0
BRH:0
end_of_record
